<?xml version="1.0" encoding="UTF-8"?>
<!-- Generated by org.testng.reporters.JUnitReportReporter -->
<testsuite hostname="LAPTOP-0IGOBDLL" failures="0" tests="1" name="automation.SauceDemoTestNGImplTest" time="15.020" errors="0" timestamp="2025-03-17T02:00:56 WIB" skipped="0">
  <testcase classname="automation.SauceDemoTestNGImplTest" name="checkoutProcess" time="15.020"/>
</testsuite> <!-- automation.SauceDemoTestNGImplTest -->
