<?xml version="1.0" encoding="UTF-8"?>
<!-- Generated by org.testng.reporters.JUnitReportReporter -->
<testsuite hostname="LAPTOP-0IGOBDLL" failures="0" tests="1" name="automation.SauceDemoTestNGImpl2Test" time="23.782" errors="0" timestamp="2025-03-17T02:00:56 WIB" skipped="0">
  <testcase classname="automation.SauceDemoTestNGImpl2Test" name="testSauceDemoE2E" time="23.782"/>
</testsuite> <!-- automation.SauceDemoTestNGImpl2Test -->
