<?xml version="1.0" encoding="UTF-8"?>
<!-- Generated by org.testng.reporters.JUnitReportReporter -->
<testsuite hostname="LAPTOP-0IGOBDLL" failures="0" tests="1" name="automation.SauceDemoTestNGImplTest" time="13.584" errors="0" timestamp="2025-03-17T01:09:35 WIB" skipped="0">
  <testcase classname="automation.SauceDemoTestNGImplTest" name="checkoutProcess" time="13.584"/>
</testsuite> <!-- automation.SauceDemoTestNGImplTest -->
